2023-05-22T21:13:04+00:00 CRITICAL Maximum execution time of 120 seconds exceeded en C:\xampp\htdocs\trabajosjovenes_new\wp-content\plugins\wp-jobsearch\includes\classes\class-apply-job-questions.php en la línea 2

2023-05-22T21:17:18+00:00 CRITICAL Maximum execution time of 120 seconds exceeded en C:\xampp\htdocs\trabajosjovenes_new\wp-includes\Requests\src\Transport\Curl.php en la línea 510

2023-05-22T21:20:22+00:00 CRITICAL Maximum execution time of 120 seconds exceeded en C:\xampp\htdocs\trabajosjovenes_new\wp-includes\Requests\src\Transport\Curl.php en la línea 510

2023-05-22T21:25:15+00:00 CRITICAL Maximum execution time of 120 seconds exceeded en C:\xampp\htdocs\trabajosjovenes_new\wp-includes\Requests\src\Transport\Curl.php en la línea 510

2023-05-22T21:28:34+00:00 CRITICAL Maximum execution time of 120 seconds exceeded en C:\xampp\htdocs\trabajosjovenes_new\wp-content\plugins\careerfy-framework\admin\ReduxFramework\redux-core\inc\classes\class-redux-api.php en la línea 1443

2023-05-22T21:28:35+00:00 CRITICAL Maximum execution time of 120 seconds exceeded en C:\xampp\htdocs\trabajosjovenes_new\wp-content\plugins\elementor\modules\library\module.php en la línea 8

2023-05-22T21:28:35+00:00 CRITICAL Maximum execution time of 120 seconds exceeded en C:\xampp\htdocs\trabajosjovenes_new\wp-content\plugins\elementor\modules\dev-tools\deprecation.php en la línea 4

2023-05-22T21:28:35+00:00 CRITICAL Maximum execution time of 120 seconds exceeded en C:\xampp\htdocs\trabajosjovenes_new\wp-content\plugins\elementor\modules\landing-pages\module.php en la línea 16

2023-05-22T21:28:44+00:00 CRITICAL Maximum execution time of 120 seconds exceeded en C:\xampp\htdocs\trabajosjovenes_new\wp-content\plugins\wp-jobsearch\modules\locations\include\location-settings.php en la línea 2

2023-05-22T21:28:49+00:00 CRITICAL Maximum execution time of 120 seconds exceeded en C:\xampp\htdocs\trabajosjovenes_new\wp-includes\Requests\src\Transport\Curl.php en la línea 205

2023-05-22T21:30:50+00:00 CRITICAL Maximum execution time of 120 seconds exceeded en C:\xampp\htdocs\trabajosjovenes_new\wp-includes\Requests\src\Transport\Curl.php en la línea 510

2023-05-22T21:35:13+00:00 CRITICAL Maximum execution time of 120 seconds exceeded en C:\xampp\htdocs\trabajosjovenes_new\wp-includes\Requests\src\Transport\Curl.php en la línea 510

2023-05-22T21:41:17+00:00 CRITICAL Maximum execution time of 120 seconds exceeded en C:\xampp\htdocs\trabajosjovenes_new\wp-includes\Requests\src\Transport\Curl.php en la línea 510

2023-05-22T21:45:32+00:00 CRITICAL Maximum execution time of 120 seconds exceeded en C:\xampp\htdocs\trabajosjovenes_new\wp-includes\Requests\src\Transport\Curl.php en la línea 510

2023-05-22T21:50:14+00:00 CRITICAL Maximum execution time of 120 seconds exceeded en C:\xampp\htdocs\trabajosjovenes_new\wp-includes\Requests\src\Transport\Curl.php en la línea 510

2023-05-22T21:55:27+00:00 CRITICAL Maximum execution time of 120 seconds exceeded en C:\xampp\htdocs\trabajosjovenes_new\wp-includes\Requests\src\Transport\Curl.php en la línea 510

2023-05-22T22:00:14+00:00 CRITICAL Maximum execution time of 120 seconds exceeded en C:\xampp\htdocs\trabajosjovenes_new\wp-includes\Requests\src\Transport\Curl.php en la línea 510

2023-05-22T22:06:03+00:00 CRITICAL Maximum execution time of 120 seconds exceeded en C:\xampp\htdocs\trabajosjovenes_new\wp-includes\Requests\src\Transport\Curl.php en la línea 510

2023-05-22T22:10:19+00:00 CRITICAL Maximum execution time of 120 seconds exceeded en C:\xampp\htdocs\trabajosjovenes_new\wp-includes\Requests\src\Transport\Curl.php en la línea 510

2023-05-22T22:15:21+00:00 CRITICAL Maximum execution time of 120 seconds exceeded en C:\xampp\htdocs\trabajosjovenes_new\wp-includes\Requests\src\Transport\Curl.php en la línea 510

2023-05-22T22:21:23+00:00 CRITICAL Maximum execution time of 120 seconds exceeded en C:\xampp\htdocs\trabajosjovenes_new\wp-includes\Requests\src\Transport\Curl.php en la línea 510

