2023-05-17T16:50:59+00:00 CRITICAL Maximum execution time of 120 seconds exceeded en C:\xampp\htdocs\trabajosjovenes_new\wp-content\plugins\woocommerce-avatax\vendor\skyverge\wc-plugin-framework\woocommerce\class-sv-wc-plugin.php en la línea 27

2023-05-17T16:51:11+00:00 CRITICAL Maximum execution time of 120 seconds exceeded en C:\xampp\htdocs\trabajosjovenes_new\wp-content\themes\careerfy\inc\footer-functions.php en la línea 7

2023-05-17T16:51:17+00:00 CRITICAL Maximum execution time of 120 seconds exceeded en C:\xampp\htdocs\trabajosjovenes_new\wp-content\plugins\elementor\core\editor\notice-bar.php en la línea 9

2023-05-17T16:51:20+00:00 CRITICAL Maximum execution time of 120 seconds exceeded en C:\xampp\htdocs\trabajosjovenes_new\wp-content\plugins\elementor\includes\user.php en la línea 6

2023-05-17T16:51:42+00:00 CRITICAL Maximum execution time of 120 seconds exceeded en C:\xampp\htdocs\trabajosjovenes_new\wp-content\plugins\js_composer\include\params\custom_markup\custom_markup.php en la línea 2

2023-05-17T16:53:50+00:00 CRITICAL Maximum execution time of 120 seconds exceeded en C:\xampp\htdocs\trabajosjovenes_new\wp-includes\Requests\src\Transport\Curl.php en la línea 510

2023-05-17T16:55:21+00:00 CRITICAL Maximum execution time of 120 seconds exceeded en C:\xampp\htdocs\trabajosjovenes_new\wp-includes\Requests\src\Transport\Curl.php en la línea 510

2023-05-17T17:01:21+00:00 CRITICAL Maximum execution time of 120 seconds exceeded en C:\xampp\htdocs\trabajosjovenes_new\wp-includes\Requests\src\Transport\Curl.php en la línea 510

2023-05-17T17:05:23+00:00 CRITICAL Maximum execution time of 120 seconds exceeded en C:\xampp\htdocs\trabajosjovenes_new\wp-includes\class-wp-http-requests-hooks.php en la línea 52

2023-05-17T17:22:10+00:00 CRITICAL Maximum execution time of 120 seconds exceeded en C:\xampp\htdocs\trabajosjovenes_new\wp-includes\Requests\src\Transport\Curl.php en la línea 510

2023-05-17T17:25:27+00:00 CRITICAL Maximum execution time of 120 seconds exceeded en C:\xampp\htdocs\trabajosjovenes_new\wp-includes\Requests\src\Transport\Curl.php en la línea 510

2023-05-17T17:30:35+00:00 CRITICAL Maximum execution time of 120 seconds exceeded en C:\xampp\htdocs\trabajosjovenes_new\wp-includes\Requests\src\Transport\Curl.php en la línea 510

2023-05-17T17:37:10+00:00 CRITICAL Maximum execution time of 120 seconds exceeded en C:\xampp\htdocs\trabajosjovenes_new\wp-includes\Requests\src\Transport\Curl.php en la línea 510

2023-05-17T17:51:32+00:00 CRITICAL Maximum execution time of 120 seconds exceeded en C:\xampp\htdocs\trabajosjovenes_new\wp-includes\Requests\src\Transport\Curl.php en la línea 510

2023-05-17T17:55:29+00:00 CRITICAL Maximum execution time of 120 seconds exceeded en C:\xampp\htdocs\trabajosjovenes_new\wp-includes\Requests\src\Transport\Curl.php en la línea 510

2023-05-17T18:00:29+00:00 CRITICAL Maximum execution time of 120 seconds exceeded en C:\xampp\htdocs\trabajosjovenes_new\wp-includes\Requests\src\Transport\Curl.php en la línea 510

2023-05-17T18:05:22+00:00 CRITICAL Maximum execution time of 120 seconds exceeded en C:\xampp\htdocs\trabajosjovenes_new\wp-includes\Requests\src\Transport\Curl.php en la línea 510

2023-05-17T18:10:13+00:00 CRITICAL Maximum execution time of 120 seconds exceeded en C:\xampp\htdocs\trabajosjovenes_new\wp-includes\Requests\src\Transport\Curl.php en la línea 510

2023-05-17T18:15:13+00:00 CRITICAL Maximum execution time of 120 seconds exceeded en C:\xampp\htdocs\trabajosjovenes_new\wp-includes\Requests\src\Transport\Curl.php en la línea 510

2023-05-17T18:20:19+00:00 CRITICAL Maximum execution time of 120 seconds exceeded en C:\xampp\htdocs\trabajosjovenes_new\wp-includes\Requests\src\Transport\Curl.php en la línea 205

2023-05-17T18:25:10+00:00 CRITICAL Maximum execution time of 120 seconds exceeded en C:\xampp\htdocs\trabajosjovenes_new\wp-includes\Requests\src\Transport\Curl.php en la línea 510

2023-05-17T18:30:19+00:00 CRITICAL Maximum execution time of 120 seconds exceeded en C:\xampp\htdocs\trabajosjovenes_new\wp-includes\Requests\src\Transport\Curl.php en la línea 510

2023-05-17T18:35:15+00:00 CRITICAL Maximum execution time of 120 seconds exceeded en C:\xampp\htdocs\trabajosjovenes_new\wp-includes\Requests\src\Transport\Curl.php en la línea 510

2023-05-17T18:41:51+00:00 CRITICAL Maximum execution time of 120 seconds exceeded en C:\xampp\htdocs\trabajosjovenes_new\wp-content\plugins\woocommerce\packages\woocommerce-blocks\src\BlockTypes\CartOrderSummaryShippingBlock.php en la línea 15

2023-05-17T18:44:57+00:00 CRITICAL Maximum execution time of 120 seconds exceeded en C:\xampp\htdocs\trabajosjovenes_new\wp-includes\Requests\src\Transport\Curl.php en la línea 510

2023-05-17T18:45:59+00:00 CRITICAL Maximum execution time of 120 seconds exceeded en C:\xampp\htdocs\trabajosjovenes_new\wp-includes\Requests\src\Transport\Curl.php en la línea 510

2023-05-17T18:46:02+00:00 CRITICAL Maximum execution time of 120 seconds exceeded en C:\xampp\htdocs\trabajosjovenes_new\wp-includes\Requests\src\Transport\Curl.php en la línea 510

2023-05-17T18:50:52+00:00 CRITICAL Maximum execution time of 120 seconds exceeded en C:\xampp\htdocs\trabajosjovenes_new\wp-includes\Requests\src\Transport\Curl.php en la línea 510

2023-05-17T18:55:57+00:00 CRITICAL Maximum execution time of 120 seconds exceeded en C:\xampp\htdocs\trabajosjovenes_new\wp-includes\Requests\src\Transport\Curl.php en la línea 510

2023-05-17T19:00:29+00:00 CRITICAL Maximum execution time of 120 seconds exceeded en C:\xampp\htdocs\trabajosjovenes_new\wp-includes\Requests\src\Transport\Curl.php en la línea 131

2023-05-17T19:06:20+00:00 CRITICAL Maximum execution time of 120 seconds exceeded en C:\xampp\htdocs\trabajosjovenes_new\wp-includes\Requests\src\Transport\Curl.php en la línea 510

2023-05-17T19:13:30+00:00 CRITICAL Maximum execution time of 120 seconds exceeded en C:\xampp\htdocs\trabajosjovenes_new\wp-includes\Requests\src\Transport\Curl.php en la línea 510

2023-05-17T19:16:20+00:00 CRITICAL Maximum execution time of 120 seconds exceeded en C:\xampp\htdocs\trabajosjovenes_new\wp-includes\Requests\src\Transport\Curl.php en la línea 510

