2023-05-10T15:04:56+00:00 CRITICAL Maximum execution time of 120 seconds exceeded en C:\xampp\htdocs\trabajosjovenes_new\wp-includes\Requests\src\Transport\Curl.php en la línea 510

2023-05-10T15:10:27+00:00 CRITICAL Maximum execution time of 120 seconds exceeded en C:\xampp\htdocs\trabajosjovenes_new\wp-includes\Requests\src\Transport\Curl.php en la línea 510

2023-05-10T15:15:13+00:00 CRITICAL Maximum execution time of 120 seconds exceeded en C:\xampp\htdocs\trabajosjovenes_new\wp-includes\Requests\src\Transport\Curl.php en la línea 205

2023-05-10T15:22:11+00:00 CRITICAL Maximum execution time of 120 seconds exceeded en C:\xampp\htdocs\trabajosjovenes_new\wp-includes\Requests\src\Transport\Curl.php en la línea 510

2023-05-10T15:25:15+00:00 CRITICAL Maximum execution time of 120 seconds exceeded en C:\xampp\htdocs\trabajosjovenes_new\wp-includes\Requests\src\Transport\Curl.php en la línea 510

2023-05-10T15:31:18+00:00 CRITICAL Maximum execution time of 120 seconds exceeded en C:\xampp\htdocs\trabajosjovenes_new\wp-includes\Requests\src\Transport\Curl.php en la línea 510

2023-05-10T15:35:20+00:00 CRITICAL Maximum execution time of 120 seconds exceeded en C:\xampp\htdocs\trabajosjovenes_new\wp-includes\Requests\src\Transport\Curl.php en la línea 205

2023-05-10T15:40:16+00:00 CRITICAL Maximum execution time of 120 seconds exceeded en C:\xampp\htdocs\trabajosjovenes_new\wp-includes\Requests\src\Transport\Curl.php en la línea 510

2023-05-10T15:45:25+00:00 CRITICAL Maximum execution time of 120 seconds exceeded en C:\xampp\htdocs\trabajosjovenes_new\wp-includes\Requests\src\Transport\Curl.php en la línea 510

2023-05-10T15:51:28+00:00 CRITICAL Maximum execution time of 120 seconds exceeded en C:\xampp\htdocs\trabajosjovenes_new\wp-includes\Requests\src\Transport\Curl.php en la línea 510

2023-05-10T15:55:30+00:00 CRITICAL Maximum execution time of 120 seconds exceeded en C:\xampp\htdocs\trabajosjovenes_new\wp-includes\Requests\src\Transport\Curl.php en la línea 205

2023-05-10T16:00:13+00:00 CRITICAL Maximum execution time of 120 seconds exceeded en C:\xampp\htdocs\trabajosjovenes_new\wp-includes\Requests\src\Transport\Curl.php en la línea 510

2023-05-10T16:05:35+00:00 CRITICAL Maximum execution time of 120 seconds exceeded en C:\xampp\htdocs\trabajosjovenes_new\wp-includes\Requests\src\Transport\Curl.php en la línea 510

2023-05-10T16:10:55+00:00 CRITICAL Maximum execution time of 120 seconds exceeded en C:\xampp\htdocs\trabajosjovenes_new\wp-includes\Requests\src\Transport\Curl.php en la línea 510

2023-05-10T16:15:26+00:00 CRITICAL Maximum execution time of 120 seconds exceeded en C:\xampp\htdocs\trabajosjovenes_new\wp-includes\Requests\src\Transport\Curl.php en la línea 510

2023-05-10T16:22:24+00:00 CRITICAL Maximum execution time of 120 seconds exceeded en C:\xampp\htdocs\trabajosjovenes_new\wp-includes\Requests\src\Transport\Curl.php en la línea 510

2023-05-10T16:27:56+00:00 CRITICAL Maximum execution time of 120 seconds exceeded en C:\xampp\htdocs\trabajosjovenes_new\wp-includes\Requests\src\Transport\Curl.php en la línea 510

2023-05-10T16:32:19+00:00 CRITICAL Maximum execution time of 120 seconds exceeded en C:\xampp\htdocs\trabajosjovenes_new\wp-includes\Requests\src\Transport\Curl.php en la línea 510

2023-05-10T16:38:35+00:00 CRITICAL Maximum execution time of 120 seconds exceeded en C:\xampp\htdocs\trabajosjovenes_new\wp-includes\Requests\src\Transport\Curl.php en la línea 205

2023-05-10T16:40:12+00:00 CRITICAL Maximum execution time of 120 seconds exceeded en C:\xampp\htdocs\trabajosjovenes_new\wp-includes\Requests\src\Transport\Curl.php en la línea 510

2023-05-10T16:45:39+00:00 CRITICAL Maximum execution time of 120 seconds exceeded en C:\xampp\htdocs\trabajosjovenes_new\wp-includes\Requests\src\Transport\Curl.php en la línea 510

2023-05-10T16:51:11+00:00 CRITICAL Maximum execution time of 120 seconds exceeded en C:\xampp\htdocs\trabajosjovenes_new\wp-includes\Requests\src\Transport\Curl.php en la línea 510

2023-05-10T16:55:39+00:00 CRITICAL Maximum execution time of 120 seconds exceeded en C:\xampp\htdocs\trabajosjovenes_new\wp-includes\Requests\src\Transport\Curl.php en la línea 510

2023-05-10T17:02:51+00:00 CRITICAL Maximum execution time of 120 seconds exceeded en C:\xampp\htdocs\trabajosjovenes_new\wp-includes\Requests\src\Transport\Curl.php en la línea 510

2023-05-10T17:06:43+00:00 CRITICAL Maximum execution time of 120 seconds exceeded en C:\xampp\htdocs\trabajosjovenes_new\wp-includes\Requests\src\Transport\Curl.php en la línea 510

2023-05-10T17:10:12+00:00 CRITICAL Maximum execution time of 120 seconds exceeded en C:\xampp\htdocs\trabajosjovenes_new\wp-includes\Requests\src\Transport\Curl.php en la línea 510

2023-05-10T17:13:18+00:00 CRITICAL Uncaught Error: Object of class WP_User could not be converted to string in C:\xampp\htdocs\trabajosjovenes_new\wp-content\plugins\wp-jobsearch\templates\detail-pages\job\view1-job.php:529
Stack trace:
#0 C:\xampp\htdocs\trabajosjovenes_new\wp-includes\template.php(785): require()
#1 C:\xampp\htdocs\trabajosjovenes_new\wp-content\plugins\wp-jobsearch\includes\common-functions\common-functions.php(2770): load_template('C:\\xampp\\htdocs...', false)
#2 C:\xampp\htdocs\trabajosjovenes_new\wp-content\plugins\wp-jobsearch\includes\single-pages\single-job.php(95): jobsearch_get_template_part('view1', 'job', 'detail-pages/jo...')
#3 C:\xampp\htdocs\trabajosjovenes_new\wp-includes\template-loader.php(106): include('C:\\xampp\\htdocs...')
#4 C:\xampp\htdocs\trabajosjovenes_new\wp-blog-header.php(19): require_once('C:\\xampp\\htdocs...')
#5 C:\xampp\htdocs\trabajosjovenes_new\index.php(17): require('C:\\xampp\\htdocs...')
#6 {main}
  thrown en C:\xampp\htdocs\trabajosjovenes_new\wp-content\plugins\wp-jobsearch\templates\detail-pages\job\view1-job.php en la línea 529

2023-05-10T17:14:09+00:00 CRITICAL Uncaught Error: Object of class WP_User could not be converted to string in C:\xampp\htdocs\trabajosjovenes_new\wp-content\plugins\wp-jobsearch\templates\detail-pages\job\view1-job.php:529
Stack trace:
#0 C:\xampp\htdocs\trabajosjovenes_new\wp-includes\template.php(785): require()
#1 C:\xampp\htdocs\trabajosjovenes_new\wp-content\plugins\wp-jobsearch\includes\common-functions\common-functions.php(2770): load_template('C:\\xampp\\htdocs...', false)
#2 C:\xampp\htdocs\trabajosjovenes_new\wp-content\plugins\wp-jobsearch\includes\single-pages\single-job.php(95): jobsearch_get_template_part('view1', 'job', 'detail-pages/jo...')
#3 C:\xampp\htdocs\trabajosjovenes_new\wp-includes\template-loader.php(106): include('C:\\xampp\\htdocs...')
#4 C:\xampp\htdocs\trabajosjovenes_new\wp-blog-header.php(19): require_once('C:\\xampp\\htdocs...')
#5 C:\xampp\htdocs\trabajosjovenes_new\index.php(17): require('C:\\xampp\\htdocs...')
#6 {main}
  thrown en C:\xampp\htdocs\trabajosjovenes_new\wp-content\plugins\wp-jobsearch\templates\detail-pages\job\view1-job.php en la línea 529

2023-05-10T17:15:13+00:00 CRITICAL Maximum execution time of 120 seconds exceeded en C:\xampp\htdocs\trabajosjovenes_new\wp-includes\Requests\src\Transport\Curl.php en la línea 510

2023-05-10T17:21:16+00:00 CRITICAL Maximum execution time of 120 seconds exceeded en C:\xampp\htdocs\trabajosjovenes_new\wp-includes\Requests\src\Transport\Curl.php en la línea 510

2023-05-10T17:25:32+00:00 CRITICAL Uncaught Error: Object of class WP_User could not be converted to string in C:\xampp\htdocs\trabajosjovenes_new\wp-content\plugins\wp-jobsearch\templates\detail-pages\job\view1-job.php:529
Stack trace:
#0 C:\xampp\htdocs\trabajosjovenes_new\wp-includes\template.php(785): require()
#1 C:\xampp\htdocs\trabajosjovenes_new\wp-content\plugins\wp-jobsearch\includes\common-functions\common-functions.php(2770): load_template('C:\\xampp\\htdocs...', false)
#2 C:\xampp\htdocs\trabajosjovenes_new\wp-content\plugins\wp-jobsearch\includes\single-pages\single-job.php(95): jobsearch_get_template_part('view1', 'job', 'detail-pages/jo...')
#3 C:\xampp\htdocs\trabajosjovenes_new\wp-includes\template-loader.php(106): include('C:\\xampp\\htdocs...')
#4 C:\xampp\htdocs\trabajosjovenes_new\wp-blog-header.php(19): require_once('C:\\xampp\\htdocs...')
#5 C:\xampp\htdocs\trabajosjovenes_new\index.php(17): require('C:\\xampp\\htdocs...')
#6 {main}
  thrown en C:\xampp\htdocs\trabajosjovenes_new\wp-content\plugins\wp-jobsearch\templates\detail-pages\job\view1-job.php en la línea 529

2023-05-10T17:27:16+00:00 CRITICAL Maximum execution time of 120 seconds exceeded en C:\xampp\htdocs\trabajosjovenes_new\wp-includes\Requests\src\Transport\Curl.php en la línea 510

2023-05-10T17:31:21+00:00 CRITICAL Maximum execution time of 120 seconds exceeded en C:\xampp\htdocs\trabajosjovenes_new\wp-includes\Requests\src\Transport\Curl.php en la línea 510

2023-05-10T17:35:26+00:00 CRITICAL Maximum execution time of 120 seconds exceeded en C:\xampp\htdocs\trabajosjovenes_new\wp-includes\Requests\src\Transport\Curl.php en la línea 510

2023-05-10T17:35:32+00:00 CRITICAL Uncaught Error: Object of class WP_User could not be converted to string in C:\xampp\htdocs\trabajosjovenes_new\wp-content\plugins\wp-jobsearch\templates\detail-pages\job\view1-job.php:529
Stack trace:
#0 C:\xampp\htdocs\trabajosjovenes_new\wp-includes\template.php(785): require()
#1 C:\xampp\htdocs\trabajosjovenes_new\wp-content\plugins\wp-jobsearch\includes\common-functions\common-functions.php(2770): load_template('C:\\xampp\\htdocs...', false)
#2 C:\xampp\htdocs\trabajosjovenes_new\wp-content\plugins\wp-jobsearch\includes\single-pages\single-job.php(95): jobsearch_get_template_part('view1', 'job', 'detail-pages/jo...')
#3 C:\xampp\htdocs\trabajosjovenes_new\wp-includes\template-loader.php(106): include('C:\\xampp\\htdocs...')
#4 C:\xampp\htdocs\trabajosjovenes_new\wp-blog-header.php(19): require_once('C:\\xampp\\htdocs...')
#5 C:\xampp\htdocs\trabajosjovenes_new\index.php(17): require('C:\\xampp\\htdocs...')
#6 {main}
  thrown en C:\xampp\htdocs\trabajosjovenes_new\wp-content\plugins\wp-jobsearch\templates\detail-pages\job\view1-job.php en la línea 529

2023-05-10T17:40:26+00:00 CRITICAL Maximum execution time of 120 seconds exceeded en C:\xampp\htdocs\trabajosjovenes_new\wp-includes\Requests\src\Transport\Curl.php en la línea 510

2023-05-10T17:45:28+00:00 CRITICAL Maximum execution time of 120 seconds exceeded en C:\xampp\htdocs\trabajosjovenes_new\wp-includes\Requests\src\Transport\Curl.php en la línea 510

2023-05-10T17:51:31+00:00 CRITICAL Maximum execution time of 120 seconds exceeded en C:\xampp\htdocs\trabajosjovenes_new\wp-includes\Requests\src\Transport\Curl.php en la línea 510

2023-05-10T17:55:33+00:00 CRITICAL Maximum execution time of 120 seconds exceeded en C:\xampp\htdocs\trabajosjovenes_new\wp-includes\Requests\src\Transport\Curl.php en la línea 510

2023-05-10T18:01:36+00:00 CRITICAL Maximum execution time of 120 seconds exceeded en C:\xampp\htdocs\trabajosjovenes_new\wp-includes\Requests\src\Transport\Curl.php en la línea 510

2023-05-10T18:05:38+00:00 CRITICAL Maximum execution time of 120 seconds exceeded en C:\xampp\htdocs\trabajosjovenes_new\wp-includes\Requests\src\Transport\Curl.php en la línea 510

2023-05-10T18:11:41+00:00 CRITICAL Maximum execution time of 120 seconds exceeded en C:\xampp\htdocs\trabajosjovenes_new\wp-includes\Requests\src\Transport\Curl.php en la línea 510

2023-05-10T18:15:43+00:00 CRITICAL Maximum execution time of 120 seconds exceeded en C:\xampp\htdocs\trabajosjovenes_new\wp-includes\Requests\src\Transport\Curl.php en la línea 510

2023-05-10T18:21:46+00:00 CRITICAL Maximum execution time of 120 seconds exceeded en C:\xampp\htdocs\trabajosjovenes_new\wp-includes\Requests\src\Transport\Curl.php en la línea 510

2023-05-10T18:25:48+00:00 CRITICAL Maximum execution time of 120 seconds exceeded en C:\xampp\htdocs\trabajosjovenes_new\wp-includes\Requests\src\Transport\Curl.php en la línea 510

2023-05-10T18:31:51+00:00 CRITICAL Maximum execution time of 120 seconds exceeded en C:\xampp\htdocs\trabajosjovenes_new\wp-includes\Requests\src\Transport\Curl.php en la línea 510

2023-05-10T18:35:53+00:00 CRITICAL Maximum execution time of 120 seconds exceeded en C:\xampp\htdocs\trabajosjovenes_new\wp-includes\Requests\src\Transport\Curl.php en la línea 510

2023-05-10T18:41:56+00:00 CRITICAL Maximum execution time of 120 seconds exceeded en C:\xampp\htdocs\trabajosjovenes_new\wp-includes\Requests\src\Transport\Curl.php en la línea 510

2023-05-10T18:45:58+00:00 CRITICAL Maximum execution time of 120 seconds exceeded en C:\xampp\htdocs\trabajosjovenes_new\wp-includes\Requests\src\Transport\Curl.php en la línea 510

2023-05-10T18:52:01+00:00 CRITICAL Maximum execution time of 120 seconds exceeded en C:\xampp\htdocs\trabajosjovenes_new\wp-includes\Requests\src\Transport\Curl.php en la línea 510

2023-05-10T18:56:03+00:00 CRITICAL Maximum execution time of 120 seconds exceeded en C:\xampp\htdocs\trabajosjovenes_new\wp-includes\Requests\src\Transport\Curl.php en la línea 510

2023-05-10T19:02:06+00:00 CRITICAL Maximum execution time of 120 seconds exceeded en C:\xampp\htdocs\trabajosjovenes_new\wp-includes\Requests\src\Transport\Curl.php en la línea 510

2023-05-10T19:06:08+00:00 CRITICAL Maximum execution time of 120 seconds exceeded en C:\xampp\htdocs\trabajosjovenes_new\wp-includes\Requests\src\Transport\Curl.php en la línea 510

2023-05-10T19:12:11+00:00 CRITICAL Maximum execution time of 120 seconds exceeded en C:\xampp\htdocs\trabajosjovenes_new\wp-includes\Requests\src\Transport\Curl.php en la línea 510

