2023 4 13, 1:11 am > INFO > INFO: B.1. Iniciando medio de pago Webpay Plus [] []
2023 4 13, 1:11 am > INFO > INFO: initTransaction - amount: 53550, sessionId: 643756a5ef202, buyOrder: 2422, txDate: 13-04-2023, txTime: 01:11:01 [] []
2023 4 13, 1:11 am > INFO > INFO: B.2. Preparando datos antes de crear la transacción en Transbank [] []
2023 4 13, 1:11 am > INFO > INFO: amount: 53550, sessionId: 643756a5ef202, buyOrder: 2422, returnUrl: https://new.trabajosjovenes.cl/?wc-api=wc_gateway_transbank_webpay_plus_rest [] []
2023 4 13, 1:11 am > INFO > INFO: createTransaction - initResult: {"token":"1231cbf75f42d2e23e170cbd3459e4e1d475e355e17ce80173903041ef123d83","url":"https:\/\/webpay3g.transbank.cl:443\/webpayserver\/initTransaction"} [] []
2023 4 13, 1:11 am > INFO > INFO: B.3. Transacción creada en Transbank [] []
2023 4 13, 1:11 am > INFO > INFO: {"token":"1231cbf75f42d2e23e170cbd3459e4e1d475e355e17ce80173903041ef123d83","url":"https:\/\/webpay3g.transbank.cl:443\/webpayserver\/initTransaction"} [] []
2023 4 13, 1:11 am > INFO > INFO: B.4. Preparando datos antes de crear la transacción en la tabla webpay_transactions [] []
2023 4 13, 1:11 am > INFO > INFO: {"order_id":2422,"buy_order":2422,"amount":53550,"token":"1231cbf75f42d2e23e170cbd3459e4e1d475e355e17ce80173903041ef123d83","session_id":"643756a5ef202","environment":"LIVE","product":"webpay_plus","status":"initialized"} [] []
2023 4 13, 1:11 am > INFO > INFO: B.5. Transacción creada en la tabla webpay_transactions [] []
2023 4 13, 1:11 am > INFO > INFO: {"order_id":2422,"buy_order":2422,"amount":53550,"token":"1231cbf75f42d2e23e170cbd3459e4e1d475e355e17ce80173903041ef123d83","session_id":"643756a5ef202","environment":"LIVE","product":"webpay_plus","status":"initialized"} [] []
2023 4 13, 1:14 am > INFO > INFO: C.1. Iniciando validación luego de redirección desde tbk => method: GET [] []
2023 4 13, 1:14 am > INFO > INFO: {"wc-api":"wc_gateway_transbank_webpay_plus_rest","token_ws":"1231cbf75f42d2e23e170cbd3459e4e1d475e355e17ce80173903041ef123d83"} [] []
2023 4 13, 1:14 am > INFO > INFO: C.2. Tx obtenido desde la tabla webpay_transactions => token: 1231cbf75f42d2e23e170cbd3459e4e1d475e355e17ce80173903041ef123d83 [] []
2023 4 13, 1:14 am > INFO > INFO: {"id":"3","order_id":"2422","buy_order":"2422","child_buy_order":null,"commerce_code":null,"child_commerce_code":null,"amount":"53550","token":"1231cbf75f42d2e23e170cbd3459e4e1d475e355e17ce80173903041ef123d83","transbank_status":null,"session_id":"643756a5ef202","status":"initialized","transbank_response":null,"product":"webpay_plus","environment":"LIVE","created_at":"2023-04-13 01:11:02"} [] []
2023 4 13, 1:14 am > INFO > INFO: C.3. Transaccion antes del commit  => token: 1231cbf75f42d2e23e170cbd3459e4e1d475e355e17ce80173903041ef123d83 [] []
2023 4 13, 1:14 am > INFO > INFO: {"id":"3","order_id":"2422","buy_order":"2422","child_buy_order":null,"commerce_code":null,"child_commerce_code":null,"amount":"53550","token":"1231cbf75f42d2e23e170cbd3459e4e1d475e355e17ce80173903041ef123d83","transbank_status":null,"session_id":"643756a5ef202","status":"initialized","transbank_response":null,"product":"webpay_plus","environment":"LIVE","created_at":"2023-04-13 01:11:02"} [] []
2023 4 13, 1:14 am > INFO > INFO: getTransactionResult - tokenWs: 1231cbf75f42d2e23e170cbd3459e4e1d475e355e17ce80173903041ef123d83 [] []
2023 4 13, 1:14 am > INFO > INFO: C.4. Transacción con commit en Transbank => token: 1231cbf75f42d2e23e170cbd3459e4e1d475e355e17ce80173903041ef123d83 [] []
2023 4 13, 1:14 am > INFO > INFO: {"vci":"TSY","status":"FAILED","responseCode":-3,"amount":53550,"authorizationCode":"000000","paymentTypeCode":"VD","accountingDate":"0412","installmentsNumber":0,"installmentsAmount":null,"sessionId":"643756a5ef202","buyOrder":"2422","cardNumber":"3622","cardDetail":{"card_number":"3622"},"transactionDate":"2023-04-13T01:11:04.820Z","balance":null} [] []
2023 4 13, 1:14 am > ERROR > ERROR: C.5. Respuesta de tbk commit fallido => token: 1231cbf75f42d2e23e170cbd3459e4e1d475e355e17ce80173903041ef123d83 [] []
2023 4 13, 1:14 am > ERROR > ERROR: {"vci":"TSY","status":"FAILED","responseCode":-3,"amount":53550,"authorizationCode":"000000","paymentTypeCode":"VD","accountingDate":"0412","installmentsNumber":0,"installmentsAmount":null,"sessionId":"643756a5ef202","buyOrder":"2422","cardNumber":"3622","cardDetail":{"card_number":"3622"},"transactionDate":"2023-04-13T01:11:04.820Z","balance":null} [] []
